<?xml version='1.0'?>
<ns2:test-suite xmlns:ns2='urn:model.allure.qatools.yandex.ru' start='1519717977597' stop='1519717981008'>
    <name>API ./Register of new user check status of request</name>
    <title>API ./Register of new user check status of request</title>
    <test-cases>
        <test-case start='1519717977597' status='passed' stop='1519717977746'>
            <name>register with correct values (await status 200)</name>
            <title>register with correct values (await status 200)</title>
            <labels/>
            <parameters/>
            <steps>
                <step start='1519717977598' status='passed' stop='1519717977746'>
                    <name>Registration;</name>
                    <title>Registration;</title>
                    <attachments>
                        <attachment title='Data' source='9656c348-6bb2-4fb0-b6c4-9c85d6a04f3c-attachment.txt' type='text/plain' size='135'/>
                    </attachments>
                    <steps/>
                </step>
                <step start='1519717977746' status='passed' stop='1519717977746'>
                    <name>Check status; Actual - 200, Expect - 200</name>
                    <title>Check status; Actual - 200, Expect - 200</title>
                    <attachments/>
                    <steps/>
                </step>
            </steps>
            <attachments/>
        </test-case>
        <test-case start='1519717977746' status='failed' stop='1519717977897'>
            <name>register with incorrect email (await status 400)</name>
            <title>register with incorrect email (await status 400)</title>
            <labels/>
            <parameters/>
            <steps>
                <step start='1519717977746' status='passed' stop='1519717977896'>
                    <name>Registration;</name>
                    <title>Registration;</title>
                    <attachments>
                        <attachment title='Data' source='93815704-4acb-4b3d-b949-39f9723f18a9-attachment.txt' type='text/plain' size='130'/>
                    </attachments>
                    <steps/>
                </step>
                <step start='1519717977896' status='broken' stop='1519717977897'>
                    <name>Check status; Actual - 200, Expect - 400</name>
                    <title>Check status; Actual - 200, Expect - 400</title>
                    <attachments/>
                    <steps/>
                </step>
            </steps>
            <attachments/>
            <failure>
                <message>
                      AssertionError: expected 200 to equal 400
                      + expected - actual
                
                      -200
                      +400
                      </message>
                <stack-trace>      at allure.createStep (test/register.js:15:28)
                      at node_modules/allure-js-commons/runtime.js:18:31
                      at Context.it (test/register.js:137:13)
                      at &lt;anonymous>
                      at process._tickCallback (internal/process/next_tick.js:188:7)</stack-trace>
            </failure>
        </test-case>
        <test-case start='1519717977897' status='failed' stop='1519717978247'>
            <name>register with incorrect login (count of symbols more than 16) (await status 400)</name>
            <title>register with incorrect login (count of symbols more than 16) (await status 400)</title>
            <labels/>
            <parameters/>
            <steps>
                <step start='1519717977897' status='passed' stop='1519717978247'>
                    <name>Registration;</name>
                    <title>Registration;</title>
                    <attachments>
                        <attachment title='Data' source='0c777340-aaf3-4ac6-9276-277e0e98ea03-attachment.txt' type='text/plain' size='148'/>
                    </attachments>
                    <steps/>
                </step>
                <step start='1519717978247' status='broken' stop='1519717978247'>
                    <name>Check status; Actual - 200, Expect - 400</name>
                    <title>Check status; Actual - 200, Expect - 400</title>
                    <attachments/>
                    <steps/>
                </step>
            </steps>
            <attachments/>
            <failure>
                <message>
                      AssertionError: expected 200 to equal 400
                      + expected - actual
                
                      -200
                      +400
                      </message>
                <stack-trace>      at allure.createStep (test/register.js:15:28)
                      at node_modules/allure-js-commons/runtime.js:18:31
                      at Context.it (test/register.js:156:13)
                      at &lt;anonymous>
                      at process._tickCallback (internal/process/next_tick.js:188:7)</stack-trace>
            </failure>
        </test-case>
        <test-case start='1519717978247' status='failed' stop='1519717980455'>
            <name>register with incorrect password (with spaces) (await status 400)</name>
            <title>register with incorrect password (with spaces) (await status 400)</title>
            <labels/>
            <parameters/>
            <steps>
                <step start='1519717978247' status='passed' stop='1519717980455'>
                    <name>Registration;</name>
                    <title>Registration;</title>
                    <attachments>
                        <attachment title='Data' source='ed37319a-b095-45fc-8d21-8c03796ef7dd-attachment.txt' type='text/plain' size='143'/>
                    </attachments>
                    <steps/>
                </step>
                <step start='1519717980455' status='broken' stop='1519717980455'>
                    <name>Check status; Actual - 200, Expect - 400</name>
                    <title>Check status; Actual - 200, Expect - 400</title>
                    <attachments/>
                    <steps/>
                </step>
            </steps>
            <attachments/>
            <failure>
                <message>
                      AssertionError: expected 200 to equal 400
                      + expected - actual
                
                      -200
                      +400
                      </message>
                <stack-trace>      at allure.createStep (test/register.js:15:28)
                      at node_modules/allure-js-commons/runtime.js:18:31
                      at Context.it (test/register.js:175:13)
                      at &lt;anonymous>
                      at process._tickCallback (internal/process/next_tick.js:188:7)</stack-trace>
            </failure>
        </test-case>
        <test-case start='1519717980455' status='failed' stop='1519717980842'>
            <name>register with incorrect password_confirm (await status 400)</name>
            <title>register with incorrect password_confirm (await status 400)</title>
            <labels/>
            <parameters/>
            <steps>
                <step start='1519717980455' status='passed' stop='1519717980842'>
                    <name>Registration;</name>
                    <title>Registration;</title>
                    <attachments>
                        <attachment title='Data' source='7281eb07-0c02-4cf0-a0b0-802a6569436c-attachment.txt' type='text/plain' size='136'/>
                    </attachments>
                    <steps/>
                </step>
                <step start='1519717980842' status='broken' stop='1519717980842'>
                    <name>Check status; Actual - 200, Expect - 400</name>
                    <title>Check status; Actual - 200, Expect - 400</title>
                    <attachments/>
                    <steps/>
                </step>
            </steps>
            <attachments/>
            <failure>
                <message>
                      AssertionError: expected 200 to equal 400
                      + expected - actual
                
                      -200
                      +400
                      </message>
                <stack-trace>      at allure.createStep (test/register.js:15:28)
                      at node_modules/allure-js-commons/runtime.js:18:31
                      at Context.it (test/register.js:194:13)
                      at &lt;anonymous>
                      at process._tickCallback (internal/process/next_tick.js:188:7)</stack-trace>
            </failure>
        </test-case>
        <test-case start='1519717980842' status='failed' stop='1519717981008'>
            <name>register with incorrect sex (await status 400)</name>
            <title>register with incorrect sex (await status 400)</title>
            <labels/>
            <parameters/>
            <steps>
                <step start='1519717980842' status='passed' stop='1519717981007'>
                    <name>Registration;</name>
                    <title>Registration;</title>
                    <attachments>
                        <attachment title='Data' source='ffcb4dce-2036-4afd-aa77-4334097f9a8d-attachment.txt' type='text/plain' size='137'/>
                    </attachments>
                    <steps/>
                </step>
                <step start='1519717981007' status='broken' stop='1519717981007'>
                    <name>Check status; Actual - 200, Expect - 400</name>
                    <title>Check status; Actual - 200, Expect - 400</title>
                    <attachments/>
                    <steps/>
                </step>
            </steps>
            <attachments/>
            <failure>
                <message>
                      AssertionError: expected 200 to equal 400
                      + expected - actual
                
                      -200
                      +400
                      </message>
                <stack-trace>      at allure.createStep (test/register.js:15:28)
                      at node_modules/allure-js-commons/runtime.js:18:31
                      at Context.it (test/register.js:213:13)
                      at &lt;anonymous>
                      at process._tickCallback (internal/process/next_tick.js:188:7)</stack-trace>
            </failure>
        </test-case>
    </test-cases>
</ns2:test-suite>