<?xml version='1.0'?>
<ns2:test-suite xmlns:ns2='urn:model.allure.qatools.yandex.ru' start='1519721869855' stop='1519721870669'>
    <name>API ./POST Login and check statuses</name>
    <title>API ./POST Login and check statuses</title>
    <test-cases>
        <test-case start='1519721869855' status='passed' stop='1519721870199'>
            <name>with correct login and correct password (await 200)</name>
            <title>with correct login and correct password (await 200)</title>
            <labels/>
            <parameters/>
            <steps>
                <step start='1519721869856' status='passed' stop='1519721870198'>
                    <name>Authorization; Login - __joey12___, Pass - 12345678</name>
                    <title>Authorization; Login - __joey12___, Pass - 12345678</title>
                    <attachments/>
                    <steps/>
                </step>
                <step start='1519721870198' status='passed' stop='1519721870199'>
                    <name>Check status; Actual - 200, Expect - 200</name>
                    <title>Check status; Actual - 200, Expect - 200</title>
                    <attachments/>
                    <steps/>
                </step>
            </steps>
            <attachments/>
        </test-case>
        <test-case start='1519721870200' status='failed' stop='1519721870353'>
            <name>with correct login and incorrect password (await 400)</name>
            <title>with correct login and incorrect password (await 400)</title>
            <labels/>
            <parameters/>
            <steps>
                <step start='1519721870200' status='passed' stop='1519721870350'>
                    <name>Authorization; Login - __joey12___, Pass - qdadad12w2</name>
                    <title>Authorization; Login - __joey12___, Pass - qdadad12w2</title>
                    <attachments/>
                    <steps/>
                </step>
                <step start='1519721870350' status='broken' stop='1519721870351'>
                    <name>Check status; Actual - 200, Expect - 400</name>
                    <title>Check status; Actual - 200, Expect - 400</title>
                    <attachments/>
                    <steps/>
                </step>
            </steps>
            <attachments/>
            <failure>
                <message>
                      AssertionError: expected 200 to equal 400
                      + expected - actual
                
                      -200
                      +400
                      </message>
                <stack-trace>      at allure.createStep (test/auth.js:10:28)
                      at node_modules/allure-js-commons/runtime.js:18:31
                      at Context.it (test/auth.js:31:13)
                      at &lt;anonymous>
                      at process._tickCallback (internal/process/next_tick.js:188:7)</stack-trace>
            </failure>
        </test-case>
        <test-case start='1519721870354' status='failed' stop='1519721870502'>
            <name>with incorrect login and incorrect password (await 400)</name>
            <title>with incorrect login and incorrect password (await 400)</title>
            <labels/>
            <parameters/>
            <steps>
                <step start='1519721870354' status='passed' stop='1519721870501'>
                    <name>Authorization; Login - 123123, Pass - 123123</name>
                    <title>Authorization; Login - 123123, Pass - 123123</title>
                    <attachments/>
                    <steps/>
                </step>
                <step start='1519721870501' status='broken' stop='1519721870501'>
                    <name>Check status; Actual - 200, Expect - 400</name>
                    <title>Check status; Actual - 200, Expect - 400</title>
                    <attachments/>
                    <steps/>
                </step>
            </steps>
            <attachments/>
            <failure>
                <message>
                      AssertionError: expected 200 to equal 400
                      + expected - actual
                
                      -200
                      +400
                      </message>
                <stack-trace>      at allure.createStep (test/auth.js:10:28)
                      at node_modules/allure-js-commons/runtime.js:18:31
                      at Context.it (test/auth.js:42:13)
                      at &lt;anonymous>
                      at process._tickCallback (internal/process/next_tick.js:188:7)</stack-trace>
            </failure>
        </test-case>
        <test-case start='1519721870502' status='failed' stop='1519721870669'>
            <name>with empty login and empty password (await 400)</name>
            <title>with empty login and empty password (await 400)</title>
            <labels/>
            <parameters/>
            <steps>
                <step start='1519721870502' status='passed' stop='1519721870668'>
                    <name>Authorization; Login - , Pass - </name>
                    <title>Authorization; Login - , Pass - </title>
                    <attachments/>
                    <steps/>
                </step>
                <step start='1519721870668' status='broken' stop='1519721870669'>
                    <name>Check status; Actual - 200, Expect - 400</name>
                    <title>Check status; Actual - 200, Expect - 400</title>
                    <attachments/>
                    <steps/>
                </step>
            </steps>
            <attachments/>
            <failure>
                <message>
                      AssertionError: expected 200 to equal 400
                      + expected - actual
                
                      -200
                      +400
                      </message>
                <stack-trace>      at allure.createStep (test/auth.js:10:28)
                      at node_modules/allure-js-commons/runtime.js:18:31
                      at Context.it (test/auth.js:53:13)
                      at &lt;anonymous>
                      at process._tickCallback (internal/process/next_tick.js:188:7)</stack-trace>
            </failure>
        </test-case>
    </test-cases>
</ns2:test-suite>