<?xml version='1.0'?>
<ns2:test-suite xmlns:ns2='urn:model.allure.qatools.yandex.ru' start='1519683004408' stop='1519683005590'>
    <name>API ./Register of new user check text response of</name>
    <title>API ./Register of new user check text response of</title>
    <test-cases>
        <test-case start='1519683004408' status='passed' stop='1519683004657'>
            <name>register with correct values</name>
            <title>register with correct values</title>
            <labels/>
            <parameters/>
            <steps/>
            <attachments/>
        </test-case>
        <test-case start='1519683004657' status='passed' stop='1519683004859'>
            <name>register with incorrect email</name>
            <title>register with incorrect email</title>
            <labels/>
            <parameters/>
            <steps/>
            <attachments/>
        </test-case>
        <test-case start='1519683004859' status='passed' stop='1519683005068'>
            <name>register with incorrect login (count of symbols more than 16)</name>
            <title>register with incorrect login (count of symbols more than 16)</title>
            <labels/>
            <parameters/>
            <steps/>
            <attachments/>
        </test-case>
        <test-case start='1519683005068' status='failed' stop='1519683005270'>
            <name>register with incorrect password (with spaces)</name>
            <title>register with incorrect password (with spaces)</title>
            <labels/>
            <parameters/>
            <steps/>
            <attachments/>
            <failure>
                <message>AssertionError: expected '\n&lt;!DOCTYPE HTML PUBLIC "-//W3C//DTD HTML 4.0 Transitional//EN">\n&lt;html>\n&lt;head>\n    &lt;title>\n        \n        Welcome to our buggy system!\n        \n    &lt;/title>\n    &lt;meta http-equiv="Content-Type" content="text/html; charset=UTF-8">\n    &lt;style type="text/css">\n        div.content {\n            width: 440px;\n            padding: 10px;\n            background-color: greenyellow;\n            border: 1px solid #93d928;\n            -moz-border-radius: 10px;\n            -webkit-border-radius: 10px;\n        }\n\n        table.logo {\n            background: url( "/img/background.png" );\n            background-repeat: no-repeat;\n            width: 402px;\n            height: 285px;\n        }\n\n        span.message {\n            color: green;\n        }\n\n        div.error {\n            width: 440px;\n            padding: 10px;\n            border: 1px solid coral;\n            margin-bottom: 10px;\n            text-align: left;\n            -moz-border-radius: 10px;\n            -webkit-border-radius: 10px;\n        }\n    &lt;/style>\n&lt;/head>\n&lt;body>\n&lt;table width="100%" height="100%" border="0">\n    &lt;tr align="center" valign="middle">\n        &lt;td>\n            &lt;table class="logo" border="0">\n                &lt;tr align="center" valign="middle">\n                    &lt;td>\n                        \n                        &lt;div class="content">\n                            \n                            &lt;span class="message">Congratulations! You have been successfully registered. Now you can &lt;a href="?action=login">login&lt;/a>.&lt;/span>\n                            \n                            \n                            \n                            \n                        &lt;/div>\n                    &lt;/td>\n                &lt;/tr>\n            &lt;/table>\n        &lt;/td>\n    &lt;/tr>\n&lt;/table>\n&lt;script>\n  (function(i,s,o,g,r,a,m){i[\'GoogleAnalyticsObject\']=r;i[r]=i[r]||function(){\n  (i[r].q=i[r].q||[]).push(arguments)},i[r].l=1*new Date();a=s.createElement(o),\n  m=s.getElementsByTagName(o)[0];a.async=1;a.src=g;m.parentNode.insertBefore(a,m)\n  })(window,document,\'script\',\'https://www.google-analytics.com/analytics.js\',\'ga\');\n\n  ga(\'create\', \'UA-45669254-2\', \'auto\');\n  ga(\'send\', \'pageview\');\n\n&lt;/script>\n&lt;/body>\n&lt;/html>\n' to deep include 'the password can not contain spaces'</message>
                <stack-trace>      at Context.it (test/register.js:66:45)
                      at &lt;anonymous>
                      at process._tickCallback (internal/process/next_tick.js:188:7)</stack-trace>
            </failure>
        </test-case>
        <test-case start='1519683005270' status='passed' stop='1519683005437'>
            <name>register with incorrect password_confirm (does not match with password field)</name>
            <title>register with incorrect password_confirm (does not match with password field)</title>
            <labels/>
            <parameters/>
            <steps/>
            <attachments/>
        </test-case>
        <test-case start='1519683005437' status='passed' stop='1519683005590'>
            <name>register with incorrect sex</name>
            <title>register with incorrect sex</title>
            <labels/>
            <parameters/>
            <steps/>
            <attachments/>
        </test-case>
    </test-cases>
</ns2:test-suite>