<?xml version='1.0'?>
<ns2:test-suite xmlns:ns2='urn:model.allure.qatools.yandex.ru' start='1519721871381' stop='1519721871508'>
    <name>API ./GET background.png</name>
    <title>API ./GET background.png</title>
    <test-cases>
        <test-case start='1519721871381' status='failed' stop='1519721871508'>
            <name>check existence background.png</name>
            <title>check existence background.png</title>
            <labels/>
            <parameters/>
            <steps>
                <step start='1519721871508' status='broken' stop='1519721871508'>
                    <name>Check status; Actual - 404, Expect - 200</name>
                    <title>Check status; Actual - 404, Expect - 200</title>
                    <attachments/>
                    <steps/>
                </step>
            </steps>
            <attachments/>
            <failure>
                <message>
                      AssertionError: expected 404 to equal 200
                      + expected - actual
                
                      -404
                      +200
                      </message>
                <stack-trace>      at allure.createStep (test/auth.js:10:28)
                      at node_modules/allure-js-commons/runtime.js:18:31
                      at Context.it (test/auth.js:109:13)
                      at &lt;anonymous>
                      at process._tickCallback (internal/process/next_tick.js:188:7)</stack-trace>
            </failure>
        </test-case>
    </test-cases>
</ns2:test-suite>