<?xml version='1.0'?>
<ns2:test-suite xmlns:ns2='urn:model.allure.qatools.yandex.ru' start='1519683113674' stop='1519683114808'>
    <name>API ./Register of new user check status of request</name>
    <title>API ./Register of new user check status of request</title>
    <test-cases>
        <test-case start='1519683113674' status='passed' stop='1519683113831'>
            <name>register with correct values (await status 200)</name>
            <title>register with correct values (await status 200)</title>
            <labels/>
            <parameters/>
            <steps/>
            <attachments/>
        </test-case>
        <test-case start='1519683113831' status='failed' stop='1519683114025'>
            <name>register with incorrect email (await status 400)</name>
            <title>register with incorrect email (await status 400)</title>
            <labels/>
            <parameters/>
            <steps/>
            <attachments/>
            <failure>
                <message>
                      AssertionError: expected { Object (domain, _events, ...) } to have status code 400 but got 200
                      + expected - actual
                
                      -200
                      +400
                      </message>
                <stack-trace>      at Context.it (test/register.js:130:31)
                      at &lt;anonymous>
                      at process._tickCallback (internal/process/next_tick.js:188:7)</stack-trace>
            </failure>
        </test-case>
        <test-case start='1519683114025' status='failed' stop='1519683114215'>
            <name>register with incorrect login (count of symbols more than 16) (await status 400)</name>
            <title>register with incorrect login (count of symbols more than 16) (await status 400)</title>
            <labels/>
            <parameters/>
            <steps/>
            <attachments/>
            <failure>
                <message>
                      AssertionError: expected { Object (domain, _events, ...) } to have status code 400 but got 200
                      + expected - actual
                
                      -200
                      +400
                      </message>
                <stack-trace>      at Context.it (test/register.js:149:31)
                      at &lt;anonymous>
                      at process._tickCallback (internal/process/next_tick.js:188:7)</stack-trace>
            </failure>
        </test-case>
        <test-case start='1519683114215' status='failed' stop='1519683114416'>
            <name>register with incorrect password (with spaces) (await status 400)</name>
            <title>register with incorrect password (with spaces) (await status 400)</title>
            <labels/>
            <parameters/>
            <steps/>
            <attachments/>
            <failure>
                <message>
                      AssertionError: expected { Object (domain, _events, ...) } to have status code 400 but got 200
                      + expected - actual
                
                      -200
                      +400
                      </message>
                <stack-trace>      at Context.it (test/register.js:168:31)
                      at &lt;anonymous>
                      at process._tickCallback (internal/process/next_tick.js:188:7)</stack-trace>
            </failure>
        </test-case>
        <test-case start='1519683114416' status='failed' stop='1519683114612'>
            <name>register with incorrect password_confirm (await status 400)</name>
            <title>register with incorrect password_confirm (await status 400)</title>
            <labels/>
            <parameters/>
            <steps/>
            <attachments/>
            <failure>
                <message>
                      AssertionError: expected { Object (domain, _events, ...) } to have status code 400 but got 200
                      + expected - actual
                
                      -200
                      +400
                      </message>
                <stack-trace>      at Context.it (test/register.js:187:31)
                      at &lt;anonymous>
                      at process._tickCallback (internal/process/next_tick.js:188:7)</stack-trace>
            </failure>
        </test-case>
        <test-case start='1519683114612' status='failed' stop='1519683114808'>
            <name>register with incorrect sex (await status 400)</name>
            <title>register with incorrect sex (await status 400)</title>
            <labels/>
            <parameters/>
            <steps/>
            <attachments/>
            <failure>
                <message>
                      AssertionError: expected { Object (domain, _events, ...) } to have status code 400 but got 200
                      + expected - actual
                
                      -200
                      +400
                      </message>
                <stack-trace>      at Context.it (test/register.js:206:31)
                      at &lt;anonymous>
                      at process._tickCallback (internal/process/next_tick.js:188:7)</stack-trace>
            </failure>
        </test-case>
    </test-cases>
</ns2:test-suite>