{
  "uid" : "582902a834deb4df",
  "name" : "register with incorrect password_confirm (await status 400)",
  "fullName" : "API ./Register of new user check status of request.register with incorrect password_confirm (await status 400)",
  "historyId" : "8ecb8a957ce4cf4796d697c076e7cc4a",
  "time" : {
    "start" : 1519717980455,
    "stop" : 1519717980842,
    "duration" : 387
  },
  "description" : "",
  "descriptionHtml" : "",
  "status" : "failed",
  "statusDetails" : {
    "message" : "\n                      AssertionError: expected 200 to equal 400\n                      + expected - actual\n                \n                      -200\n                      +400\n                      ",
    "trace" : "      at allure.createStep (test/register.js:15:28)\n                      at node_modules/allure-js-commons/runtime.js:18:31\n                      at Context.it (test/register.js:194:13)\n                      at <anonymous>\n                      at process._tickCallback (internal/process/next_tick.js:188:7)",
    "flaky" : true
  },
  "beforeStages" : [ ],
  "testStage" : {
    "status" : "failed",
    "statusDetails" : {
      "message" : "\n                      AssertionError: expected 200 to equal 400\n                      + expected - actual\n                \n                      -200\n                      +400\n                      ",
      "trace" : "      at allure.createStep (test/register.js:15:28)\n                      at node_modules/allure-js-commons/runtime.js:18:31\n                      at Context.it (test/register.js:194:13)\n                      at <anonymous>\n                      at process._tickCallback (internal/process/next_tick.js:188:7)",
      "flaky" : true
    },
    "steps" : [ {
      "name" : "Registration;",
      "time" : {
        "start" : 1519717980455,
        "stop" : 1519717980842,
        "duration" : 387
      },
      "status" : "passed",
      "statusDetails" : {
        "flaky" : false
      },
      "steps" : [ ],
      "attachments" : [ {
        "uid" : "98ad638a81a051ab",
        "name" : "Data",
        "source" : "98ad638a81a051ab.txt",
        "type" : "text/plain",
        "size" : 136
      } ],
      "parameters" : [ ],
      "stepsCount" : 0,
      "attachmentsCount" : 1,
      "shouldDisplayMessage" : false,
      "hasContent" : true
    }, {
      "name" : "Check status; Actual - 200, Expect - 400",
      "time" : {
        "start" : 1519717980842,
        "stop" : 1519717980842,
        "duration" : 0
      },
      "status" : "broken",
      "statusDetails" : {
        "flaky" : false
      },
      "steps" : [ ],
      "attachments" : [ ],
      "parameters" : [ ],
      "stepsCount" : 0,
      "attachmentsCount" : 0,
      "shouldDisplayMessage" : false,
      "hasContent" : false
    } ],
    "attachments" : [ ],
    "parameters" : [ ],
    "stepsCount" : 2,
    "attachmentsCount" : 1,
    "shouldDisplayMessage" : true,
    "hasContent" : true
  },
  "afterStages" : [ ],
  "labels" : [ {
    "name" : "suite",
    "value" : "API ./Register of new user check status of request"
  }, {
    "name" : "testClass",
    "value" : "API ./Register of new user check status of request"
  }, {
    "name" : "testMethod",
    "value" : "register with incorrect password_confirm (await status 400)"
  }, {
    "name" : "package",
    "value" : "API ./Register of new user check status of request"
  }, {
    "name" : "resultFormat",
    "value" : "allure1"
  } ],
  "parameters" : [ ],
  "links" : [ ],
  "hidden" : false,
  "extra" : {
    "severity" : "normal",
    "retries" : [ {
      "uid" : "d9712f8a0553af0d",
      "status" : "failed",
      "statusDetails" : "\n                      AssertionError: expected { Object (domain, _events, ...) } to have status code 400 but got 200\n                      + expected - actual\n                \n                      -200\n                      +400\n                      ",
      "time" : {
        "start" : 1519683137081,
        "stop" : 1519683137352,
        "duration" : 271
      }
    }, {
      "uid" : "81399c8ce5c3be61",
      "status" : "failed",
      "statusDetails" : "\n                      AssertionError: expected { Object (domain, _events, ...) } to have status code 400 but got 200\n                      + expected - actual\n                \n                      -200\n                      +400\n                      ",
      "time" : {
        "start" : 1519683114416,
        "stop" : 1519683114612,
        "duration" : 196
      }
    }, {
      "uid" : "b1740adf16098c63",
      "status" : "failed",
      "statusDetails" : "\n                      AssertionError: expected { Object (domain, _events, ...) } to have status code 400 but got 200\n                      + expected - actual\n                \n                      -200\n                      +400\n                      ",
      "time" : {
        "start" : 1519683006246,
        "stop" : 1519683006458,
        "duration" : 212
      }
    } ],
    "categories" : [ {
      "name" : "Product defects",
      "matchedStatuses" : [ ],
      "flaky" : false
    } ],
    "tags" : [ ]
  },
  "source" : "582902a834deb4df.json",
  "statusDetailsSafe" : {
    "message" : "\n                      AssertionError: expected 200 to equal 400\n                      + expected - actual\n                \n                      -200\n                      +400\n                      ",
    "trace" : "      at allure.createStep (test/register.js:15:28)\n                      at node_modules/allure-js-commons/runtime.js:18:31\n                      at Context.it (test/register.js:194:13)\n                      at <anonymous>\n                      at process._tickCallback (internal/process/next_tick.js:188:7)",
    "flaky" : true
  },
  "statusMessage" : {
    "present" : true
  },
  "parameterValues" : [ ]
}