{
  "uid" : "edd0498fef51e2d9",
  "name" : "register with incorrect password (with spaces) (await status 400)",
  "fullName" : "API ./Register of new user check status of request.register with incorrect password (with spaces) (await status 400)",
  "historyId" : "4f9fc1126012d54ba45fcadad196dc4b",
  "time" : {
    "start" : 1519717978247,
    "stop" : 1519717980455,
    "duration" : 2208
  },
  "description" : "",
  "descriptionHtml" : "",
  "status" : "failed",
  "statusDetails" : {
    "message" : "\n                      AssertionError: expected 200 to equal 400\n                      + expected - actual\n                \n                      -200\n                      +400\n                      ",
    "trace" : "      at allure.createStep (test/register.js:15:28)\n                      at node_modules/allure-js-commons/runtime.js:18:31\n                      at Context.it (test/register.js:175:13)\n                      at <anonymous>\n                      at process._tickCallback (internal/process/next_tick.js:188:7)",
    "flaky" : true
  },
  "beforeStages" : [ ],
  "testStage" : {
    "status" : "failed",
    "statusDetails" : {
      "message" : "\n                      AssertionError: expected 200 to equal 400\n                      + expected - actual\n                \n                      -200\n                      +400\n                      ",
      "trace" : "      at allure.createStep (test/register.js:15:28)\n                      at node_modules/allure-js-commons/runtime.js:18:31\n                      at Context.it (test/register.js:175:13)\n                      at <anonymous>\n                      at process._tickCallback (internal/process/next_tick.js:188:7)",
      "flaky" : true
    },
    "steps" : [ {
      "name" : "Registration;",
      "time" : {
        "start" : 1519717978247,
        "stop" : 1519717980455,
        "duration" : 2208
      },
      "status" : "passed",
      "statusDetails" : {
        "flaky" : false
      },
      "steps" : [ ],
      "attachments" : [ {
        "uid" : "f12aae72c76ba8be",
        "name" : "Data",
        "source" : "f12aae72c76ba8be.txt",
        "type" : "text/plain",
        "size" : 143
      } ],
      "parameters" : [ ],
      "stepsCount" : 0,
      "attachmentsCount" : 1,
      "shouldDisplayMessage" : false,
      "hasContent" : true
    }, {
      "name" : "Check status; Actual - 200, Expect - 400",
      "time" : {
        "start" : 1519717980455,
        "stop" : 1519717980455,
        "duration" : 0
      },
      "status" : "broken",
      "statusDetails" : {
        "flaky" : false
      },
      "steps" : [ ],
      "attachments" : [ ],
      "parameters" : [ ],
      "stepsCount" : 0,
      "attachmentsCount" : 0,
      "shouldDisplayMessage" : false,
      "hasContent" : false
    } ],
    "attachments" : [ ],
    "parameters" : [ ],
    "stepsCount" : 2,
    "attachmentsCount" : 1,
    "shouldDisplayMessage" : true,
    "hasContent" : true
  },
  "afterStages" : [ ],
  "labels" : [ {
    "name" : "suite",
    "value" : "API ./Register of new user check status of request"
  }, {
    "name" : "testClass",
    "value" : "API ./Register of new user check status of request"
  }, {
    "name" : "testMethod",
    "value" : "register with incorrect password (with spaces) (await status 400)"
  }, {
    "name" : "package",
    "value" : "API ./Register of new user check status of request"
  }, {
    "name" : "resultFormat",
    "value" : "allure1"
  } ],
  "parameters" : [ ],
  "links" : [ ],
  "hidden" : false,
  "extra" : {
    "severity" : "normal",
    "retries" : [ {
      "uid" : "1d67a0155c97d53",
      "status" : "failed",
      "statusDetails" : "\n                      AssertionError: expected { Object (domain, _events, ...) } to have status code 400 but got 200\n                      + expected - actual\n                \n                      -200\n                      +400\n                      ",
      "time" : {
        "start" : 1519683136916,
        "stop" : 1519683137081,
        "duration" : 165
      }
    }, {
      "uid" : "77db2c4166af932e",
      "status" : "failed",
      "statusDetails" : "\n                      AssertionError: expected { Object (domain, _events, ...) } to have status code 400 but got 200\n                      + expected - actual\n                \n                      -200\n                      +400\n                      ",
      "time" : {
        "start" : 1519683114215,
        "stop" : 1519683114416,
        "duration" : 201
      }
    }, {
      "uid" : "d897c99a39652770",
      "status" : "failed",
      "statusDetails" : "\n                      AssertionError: expected { Object (domain, _events, ...) } to have status code 400 but got 200\n                      + expected - actual\n                \n                      -200\n                      +400\n                      ",
      "time" : {
        "start" : 1519683006090,
        "stop" : 1519683006246,
        "duration" : 156
      }
    } ],
    "categories" : [ {
      "name" : "Product defects",
      "matchedStatuses" : [ ],
      "flaky" : false
    } ],
    "tags" : [ ]
  },
  "source" : "edd0498fef51e2d9.json",
  "statusDetailsSafe" : {
    "message" : "\n                      AssertionError: expected 200 to equal 400\n                      + expected - actual\n                \n                      -200\n                      +400\n                      ",
    "trace" : "      at allure.createStep (test/register.js:15:28)\n                      at node_modules/allure-js-commons/runtime.js:18:31\n                      at Context.it (test/register.js:175:13)\n                      at <anonymous>\n                      at process._tickCallback (internal/process/next_tick.js:188:7)",
    "flaky" : true
  },
  "statusMessage" : {
    "present" : true
  },
  "parameterValues" : [ ]
}